<?xml version="1.0" encoding="UTF-8"?>
<testsuite xmlns:xsi="http://www.w3.org/2001/XMLSchema-instance" xsi:noNamespaceSchemaLocation="https://maven.apache.org/surefire/maven-surefire-plugin/xsd/surefire-test-report.xsd" version="3.0.2" name="ye.gov.pmo.bootstrap.controller.UserControllerTest" time="2.458" tests="5" errors="0" skipped="0" failures="0">
  <properties>
[...]
</properties>
  <testcase name="findAllReturnsUsers" classname="ye.gov.pmo.bootstrap.controller.UserControllerTest" time="0.022">
    <system-out><![CDATA[
  .   ____          _            __ _ _
 /\\ / ___'_ __ _ _(_)_ __  __ _ \ \ \ \
( ( )\___ | '_ | '_| | '_ \/ _` | \ \ \ \
 \\/  ___)| |_)| | | | | || (_| |  ) ) ) )
  '  |____| .__|_| |_|_| |_\__, | / / / /
 =========|_|==============|___/=/_/_/_/

 :: Spring Boot ::                (v3.5.5)

2026-08-16T19:50:37.763+03:00  INFO 3820 --- [           main] y.g.p.b.controller.UserControllerTest    : Starting UserControllerTest using Java 21.0.11 with PID 3820 (started by dell in C:\Users\dell\yemen-pmo-platform\backend\bootstrap)
2026-08-16T19:50:37.764+03:00  INFO 3820 --- [           main] y.g.p.b.controller.UserControllerTest    : No active profile set, falling back to 1 default profile: "default"
2026-08-16T19:50:38.613+03:00  INFO 3820 --- [           main] .s.d.r.c.RepositoryConfigurationDelegate : Bootstrapping Spring Data JPA repositories in DEFAULT mode.
2026-08-16T19:50:38.639+03:00  INFO 3820 --- [           main] .s.d.r.c.RepositoryConfigurationDelegate : Finished Spring Data repository scanning in 23 ms. Found 0 JPA repository interfaces.
2026-08-16T19:50:38.988+03:00  INFO 3820 --- [           main] com.zaxxer.hikari.HikariDataSource       : HikariPool-6 - Starting...
2026-08-16T19:50:38.991+03:00  INFO 3820 --- [           main] com.zaxxer.hikari.pool.HikariPool        : HikariPool-6 - Added connection conn50: url=jdbc:h2:mem:yemen_pmo_test user=SA
2026-08-16T19:50:38.992+03:00  INFO 3820 --- [           main] com.zaxxer.hikari.HikariDataSource       : HikariPool-6 - Start completed.
2026-08-16T19:50:38.993+03:00  INFO 3820 --- [           main] org.flywaydb.core.FlywayExecutor         : Database: jdbc:h2:mem:yemen_pmo_test (H2 2.3)
2026-08-16T19:50:38.998+03:00  INFO 3820 --- [           main] o.f.core.internal.command.DbValidate     : Successfully validated 1 migration (execution time 00:00.002s)
2026-08-16T19:50:39.082+03:00  INFO 3820 --- [           main] o.f.core.internal.command.DbMigrate      : Current version of schema "PUBLIC": 1
2026-08-16T19:50:39.082+03:00  INFO 3820 --- [           main] o.f.core.internal.command.DbMigrate      : Schema "PUBLIC" is up to date. No migration necessary.
2026-08-16T19:50:39.107+03:00  INFO 3820 --- [           main] o.hibernate.jpa.internal.util.LogHelper  : HHH000204: Processing PersistenceUnitInfo [name: default]
2026-08-16T19:50:39.113+03:00  INFO 3820 --- [           main] o.h.c.internal.RegionFactoryInitiator    : HHH000026: Second-level cache disabled
2026-08-16T19:50:39.163+03:00  INFO 3820 --- [           main] o.s.o.j.p.SpringPersistenceUnitInfo      : No LoadTimeWeaver setup: ignoring JPA class transformer
2026-08-16T19:50:39.165+03:00  INFO 3820 --- [           main] org.hibernate.orm.connections.pooling    : HHH10001005: Database info:
	Database JDBC URL [Connecting through datasource 'HikariDataSource (HikariPool-6)']
	Database driver: undefined/unknown
	Database version: 2.3.232
	Autocommit mode: undefined/unknown
	Isolation level: undefined/unknown
	Minimum pool size: undefined/unknown
	Maximum pool size: undefined/unknown
2026-08-16T19:50:39.367+03:00  INFO 3820 --- [           main] o.h.e.t.j.p.i.JtaPlatformInitiator       : HHH000489: No JTA platform available (set 'hibernate.transaction.jta.platform' to enable JTA platform integration)
2026-08-16T19:50:39.374+03:00  INFO 3820 --- [           main] j.LocalContainerEntityManagerFactoryBean : Initialized JPA EntityManagerFactory for persistence unit 'default'
2026-08-16T19:50:39.763+03:00  WARN 3820 --- [           main] .s.s.UserDetailsServiceAutoConfiguration : 

Using generated security password: f250c097-9d41-49d0-9037-08f680a20fdf

This generated password is for development use only. Your security configuration must be updated before running your application in production.

2026-08-16T19:50:39.764+03:00  INFO 3820 --- [           main] r$InitializeUserDetailsManagerConfigurer : Global AuthenticationManager configured with UserDetailsService bean with name inMemoryUserDetailsManager
2026-08-16T19:50:39.792+03:00  INFO 3820 --- [           main] o.s.b.a.e.web.EndpointLinksResolver      : Exposing 1 endpoint beneath base path '/actuator'
2026-08-16T19:50:39.867+03:00  INFO 3820 --- [           main] o.s.b.t.m.w.SpringBootMockServletContext : Initializing Spring TestDispatcherServlet ''
2026-08-16T19:50:39.871+03:00  INFO 3820 --- [           main] o.s.t.web.servlet.TestDispatcherServlet  : Initializing Servlet ''
2026-08-16T19:50:39.872+03:00  INFO 3820 --- [           main] o.s.t.web.servlet.TestDispatcherServlet  : Completed initialization in 1 ms
2026-08-16T19:50:39.892+03:00  INFO 3820 --- [           main] y.g.p.b.controller.UserControllerTest    : Started UserControllerTest in 2.21 seconds (process running for 26.083)
]]></system-out>
  </testcase>
  <testcase name="createReturnsCreated" classname="ye.gov.pmo.bootstrap.controller.UserControllerTest" time="0.068"/>
  <testcase name="missingUserReturnsNotFound" classname="ye.gov.pmo.bootstrap.controller.UserControllerTest" time="0.02"/>
  <testcase name="updateReturnsOk" classname="ye.gov.pmo.bootstrap.controller.UserControllerTest" time="0.072"/>
  <testcase name="deleteReturnsNoContent" classname="ye.gov.pmo.bootstrap.controller.UserControllerTest" time="0.017"/>
</testsuite>